0 info it worked if it ends with ok
1 verbose cli [ 'node', '/usr/local/bin/npm', 'install', 'node', '0.12' ]
2 info using npm@2.9.0
3 info using node@v0.10.29
4 verbose node symlink /usr/local/bin/node
5 verbose config Skipping project config: /Users/Naomi/.npmrc. (matches userconfig)
6 verbose install initial load of /Users/Naomi/package.json
7 verbose installManyTop reading scoped package data from /Users/Naomi/node_modules/express/package.json
8 verbose installManyTop reading scoped package data from /Users/Naomi/node_modules/express-partials/package.json
9 verbose installManyTop reading scoped package data from /Users/Naomi/node_modules/http/package.json
10 verbose installManyTop reading scoped package data from /Users/Naomi/node_modules/http-server/package.json
11 verbose installManyTop reading scoped package data from /Users/Naomi/node_modules/light-orm/package.json
12 verbose installManyTop reading scoped package data from /Users/Naomi/node_modules/mongodb/package.json
13 verbose installManyTop reading scoped package data from /Users/Naomi/node_modules/mongoose/package.json
14 verbose installManyTop reading scoped package data from /Users/Naomi/node_modules/socket.io/package.json
15 verbose installManyTop reading scoped package data from /Users/Naomi/node_modules/sqlite3/package.json
16 warn package.json http@0.0.0 http is also the name of a node core module.
17 warn package.json http@0.0.0 No description
18 warn package.json http@0.0.0 No repository field.
19 verbose readDependencies loading dependencies from /Users/Naomi/package.json
20 silly cache add args [ 'node', null ]
21 verbose cache add spec node
22 silly cache add args [ '0.12', null ]
23 verbose cache add spec 0.12
24 silly cache add parsed spec { raw: 'node',
24 silly cache add   scope: null,
24 silly cache add   name: 'node',
24 silly cache add   rawSpec: '',
24 silly cache add   spec: '*',
24 silly cache add   type: 'range' }
25 silly addNamed node@*
26 verbose addNamed "*" is a valid semver range for node
27 silly addNameRange { name: 'node', range: '*', hasData: false }
28 silly mapToRegistry name node
29 silly mapToRegistry using default registry
30 silly mapToRegistry registry https://registry.npmjs.org/
31 silly mapToRegistry uri https://registry.npmjs.org/node
32 verbose addNameRange registry:https://registry.npmjs.org/node not in flight; fetching
33 silly cache add parsed spec { raw: '0.12',
33 silly cache add   scope: null,
33 silly cache add   name: '0.12',
33 silly cache add   rawSpec: '',
33 silly cache add   spec: '*',
33 silly cache add   type: 'range' }
34 silly addNamed 0.12@*
35 verbose addNamed "*" is a valid semver range for 0.12
36 silly addNameRange { name: '0.12', range: '*', hasData: false }
37 silly mapToRegistry name 0.12
38 silly mapToRegistry using default registry
39 silly mapToRegistry registry https://registry.npmjs.org/
40 silly mapToRegistry uri https://registry.npmjs.org/0.12
41 verbose addNameRange registry:https://registry.npmjs.org/0.12 not in flight; fetching
42 verbose request uri https://registry.npmjs.org/node
43 verbose request no auth needed
44 info attempt registry request try #1 at 22:34:14
45 verbose request id 4a6eddea01996dd4
46 http request GET https://registry.npmjs.org/node
47 verbose request uri https://registry.npmjs.org/0.12
48 verbose request no auth needed
49 info attempt registry request try #1 at 22:34:14
50 http request GET https://registry.npmjs.org/0.12
51 http 200 https://registry.npmjs.org/node
52 silly get cb [ 200,
52 silly get   { server: 'CouchDB/1.5.0 (Erlang OTP/R16B03)',
52 silly get     etag: '"4A754Q2V2HQ65BJAR8DUU8BED"',
52 silly get     'content-type': 'application/json',
52 silly get     'cache-control': 'max-age=60',
52 silly get     'content-length': '1018',
52 silly get     'accept-ranges': 'bytes',
52 silly get     date: 'Wed, 15 Jul 2015 05:34:02 GMT',
52 silly get     via: '1.1 varnish',
52 silly get     age: '0',
52 silly get     connection: 'keep-alive',
52 silly get     'x-served-by': 'cache-lax1422-LAX',
52 silly get     'x-cache': 'MISS',
52 silly get     'x-cache-hits': '0',
52 silly get     'x-timer': 'S1436938442.187958,VS0,VE61',
52 silly get     vary: 'Accept' } ]
53 verbose get saving node to /Users/Naomi/.npm/registry.npmjs.org/node/.cache.json
54 silly addNameRange number 2 { name: 'node', range: '*', hasData: true }
55 silly addNameRange versions [ 'node', [ '0.0.0' ] ]
56 silly addNamed node@0.0.0
57 verbose addNamed "0.0.0" is a plain semver version for node
58 warn deprecated node@0.0.0: To update or install node, go to http://nodejs.org/
59 silly mapToRegistry name node
60 silly mapToRegistry using default registry
61 silly mapToRegistry registry https://registry.npmjs.org/
62 silly mapToRegistry uri https://registry.npmjs.org/node
63 verbose addRemoteTarball https://registry.npmjs.org/node/-/node-0.0.0.tgz not in flight; adding
64 verbose addRemoteTarball [ 'https://registry.npmjs.org/node/-/node-0.0.0.tgz',
64 verbose addRemoteTarball   '288d62f90530c763eff8d4831ee7343ab3d60793' ]
65 info retry fetch attempt 1 at 22:34:15
66 info attempt registry request try #1 at 22:34:15
67 http fetch GET https://registry.npmjs.org/node/-/node-0.0.0.tgz
68 http 404 https://registry.npmjs.org/0.12
69 verbose headers { server: 'CouchDB/1.5.0 (Erlang OTP/R16B03)',
69 verbose headers   'content-type': 'application/json',
69 verbose headers   'cache-control': 'max-age=0',
69 verbose headers   'content-length': '51',
69 verbose headers   'accept-ranges': 'bytes',
69 verbose headers   date: 'Wed, 15 Jul 2015 05:34:02 GMT',
69 verbose headers   via: '1.1 varnish',
69 verbose headers   age: '0',
69 verbose headers   connection: 'keep-alive',
69 verbose headers   'x-served-by': 'cache-lax1425-LAX',
69 verbose headers   'x-cache': 'MISS',
69 verbose headers   'x-cache-hits': '0',
69 verbose headers   'x-timer': 'S1436938442.187958,VS0,VE186' }
70 silly get cb [ 404,
70 silly get   { server: 'CouchDB/1.5.0 (Erlang OTP/R16B03)',
70 silly get     'content-type': 'application/json',
70 silly get     'cache-control': 'max-age=0',
70 silly get     'content-length': '51',
70 silly get     'accept-ranges': 'bytes',
70 silly get     date: 'Wed, 15 Jul 2015 05:34:02 GMT',
70 silly get     via: '1.1 varnish',
70 silly get     age: '0',
70 silly get     connection: 'keep-alive',
70 silly get     'x-served-by': 'cache-lax1425-LAX',
70 silly get     'x-cache': 'MISS',
70 silly get     'x-cache-hits': '0',
70 silly get     'x-timer': 'S1436938442.187958,VS0,VE186' } ]
71 http fetch 200 https://registry.npmjs.org/node/-/node-0.0.0.tgz
72 silly fetchAndShaCheck shasum 288d62f90530c763eff8d4831ee7343ab3d60793
73 verbose addTmpTarball /tmp/npm-49348-f09fd73a/registry.npmjs.org/node/-/node-0.0.0.tgz not in flight; adding
74 verbose addTmpTarball already have metadata; skipping unpack for node@0.0.0
75 silly cache afterAdd node@0.0.0
76 verbose afterAdd /Users/Naomi/.npm/node/0.0.0/package/package.json not in flight; writing
77 verbose afterAdd /Users/Naomi/.npm/node/0.0.0/package/package.json written
78 verbose stack Error: 404 Not Found: 0.12
78 verbose stack     at CachingRegistryClient.<anonymous> (/usr/local/lib/node_modules/npm/node_modules/npm-registry-client/lib/request.js:245:14)
78 verbose stack     at Request._callback (/usr/local/lib/node_modules/npm/node_modules/npm-registry-client/lib/request.js:170:14)
78 verbose stack     at Request.self.callback (/usr/local/lib/node_modules/npm/node_modules/request/request.js:368:22)
78 verbose stack     at Request.emit (events.js:98:17)
78 verbose stack     at Request.<anonymous> (/usr/local/lib/node_modules/npm/node_modules/request/request.js:1219:14)
78 verbose stack     at Request.emit (events.js:117:20)
78 verbose stack     at IncomingMessage.<anonymous> (/usr/local/lib/node_modules/npm/node_modules/request/request.js:1167:12)
78 verbose stack     at IncomingMessage.emit (events.js:117:20)
78 verbose stack     at _stream_readable.js:929:16
78 verbose stack     at process._tickCallback (node.js:419:13)
79 verbose statusCode 404
80 verbose pkgid 0.12
81 verbose cwd /Users/Naomi/coding/npentrel.github.io
82 error Darwin 14.3.0
83 error argv "node" "/usr/local/bin/npm" "install" "node" "0.12"
84 error node v0.10.29
85 error npm  v2.9.0
86 error code E404
87 error 404 Not Found: 0.12
87 error 404
87 error 404 '0.12' is not in the npm registry.
87 error 404 You should bug the author to publish it (or use the name yourself!)
87 error 404
87 error 404 Note that you can also install from a
87 error 404 tarball, folder, http url, or git url.
88 verbose exit [ 1, true ]
